<?xml version="1.0" encoding="UTF-8"?>
<testng-results ignored="0" total="2" passed="2" failed="0" skipped="0">
  <reporter-output>
  </reporter-output>
  <suite started-at="2025-02-24T16:50:28 IST" name="Suite" finished-at="2025-02-24T16:50:52 IST" duration-ms="23358">
    <groups>
      <group name="cucumber">
        <method signature="AbstractTestNGCucumberTests.runScenario(io.cucumber.testng.PickleWrapper,io.cucumber.testng.FeatureWrapper)[pri:0, instance:runners.Testng@35cabb2a]" name="runScenario" class="io.cucumber.testng.AbstractTestNGCucumberTests"/>
      </group> <!-- cucumber -->
    </groups>
    <test started-at="2025-02-24T16:50:28 IST" name="Test" finished-at="2025-02-24T16:50:52 IST" duration-ms="23358">
      <class name="runners.Testng">
        <test-method is-config="true" signature="setUpClass(org.testng.ITestContext)[pri:0, instance:runners.Testng@35cabb2a]" started-at="2025-02-24T16:50:28 IST" name="setUpClass" finished-at="2025-02-24T16:50:29 IST" duration-ms="560" status="PASS">
          <params>
            <param index="0">
              <value>
                <![CDATA[org.testng.TestRunner@23f3dbf0]]>
              </value>
            </param>
          </params>
          <reporter-output>
          </reporter-output>
        </test-method> <!-- setUpClass -->
        <test-method signature="runScenario(io.cucumber.testng.PickleWrapper,io.cucumber.testng.FeatureWrapper)[pri:0, instance:runners.Testng@35cabb2a]" started-at="2025-02-24T16:50:29 IST" name="runScenario" description="Runs Cucumber Scenarios" data-provider="scenarios" finished-at="2025-02-24T16:50:37 IST" duration-ms="8499" status="PASS">
          <params>
            <param index="0">
              <value>
                <![CDATA["Successfully updating the resume"]]>
              </value>
            </param>
            <param index="1">
              <value>
                <![CDATA["Update Resume and Update Profile on Nokri Portal"]]>
              </value>
            </param>
          </params>
          <reporter-output>
          </reporter-output>
        </test-method> <!-- runScenario -->
        <test-method signature="runScenario(io.cucumber.testng.PickleWrapper,io.cucumber.testng.FeatureWrapper)[pri:0, instance:runners.Testng@35cabb2a]" started-at="2025-02-24T16:50:37 IST" name="runScenario" description="Runs Cucumber Scenarios" data-provider="scenarios" finished-at="2025-02-24T16:50:52 IST" duration-ms="14199" status="PASS">
          <params>
            <param index="0">
              <value>
                <![CDATA["Successfully updating personal information"]]>
              </value>
            </param>
            <param index="1">
              <value>
                <![CDATA["Update Resume and Update Profile on Nokri Portal"]]>
              </value>
            </param>
          </params>
          <reporter-output>
          </reporter-output>
        </test-method> <!-- runScenario -->
        <test-method is-config="true" signature="tearDownClass()[pri:0, instance:runners.Testng@35cabb2a]" started-at="2025-02-24T16:50:52 IST" name="tearDownClass" finished-at="2025-02-24T16:50:52 IST" duration-ms="42" status="PASS">
          <reporter-output>
          </reporter-output>
        </test-method> <!-- tearDownClass -->
      </class> <!-- runners.Testng -->
    </test> <!-- Test -->
  </suite> <!-- Suite -->
</testng-results>
