<?xml version="1.0" encoding="UTF-8"?>
<testsuite xmlns:xsi="http://www.w3.org/2001/XMLSchema-instance" xsi:noNamespaceSchemaLocation="https://maven.apache.org/surefire/maven-surefire-plugin/xsd/surefire-test-report.xsd" version="3.0.1" name="TestSuite" time="23.903" tests="2" errors="0" skipped="0" failures="0">
  <properties>
[...]
</properties>
  <testcase name="runScenario[&quot;Successfully updating the resume&quot;, &quot;Update Resume and Update Profile on Nokri Portal&quot;](1)" classname="runners.Testng" time="8.507">
    <system-out><![CDATA[
@tag @resume
Scenario: Successfully updating the resume              &amp#27;[90m# Features/Update_Test_case.feature:9&amp#27;[0m
  &amp#27;[32mGiven &amp#27;[0m&amp#27;[32mthe user is logged into the Nokri portal&amp#27;[0m        &amp#27;[90m# stepDefinitions.AutoUpdate.the_user_is_logged_into_the_nokri_portal()&amp#27;[0m
  &amp#27;[32mAnd &amp#27;[0m&amp#27;[32mthe user is on the My Profile page&amp#27;[0m                &amp#27;[90m# stepDefinitions.AutoUpdate.the_user_is_on_the_my_profile_page()&amp#27;[0m
  &amp#27;[32mWhen &amp#27;[0m&amp#27;[32mthe user clicks on the Upload Resume button&amp#27;[0m      &amp#27;[90m# stepDefinitions.AutoUpdate.the_user_clicks_on_the_upload_resume_button()&amp#27;[0m
  &amp#27;[32mAnd &amp#27;[0m&amp#27;[32mselects a valid resume file&amp#27;[0m                       &amp#27;[90m# stepDefinitions.AutoUpdate.selects_a_valid_resume_file()&amp#27;[0m
Resume updated successfully!
  &amp#27;[32mThen &amp#27;[0m&amp#27;[32mthe system should successfully update the resume&amp#27;[0m &amp#27;[90m# stepDefinitions.AutoUpdate.the_system_should_successfully_update_the_resume()&amp#27;[0m
]]></system-out>
    <system-err><![CDATA[SLF4J: Failed to load class "org.slf4j.impl.StaticLoggerBinder".
SLF4J: Defaulting to no-operation (NOP) logger implementation
SLF4J: See http://www.slf4j.org/codes.html#StaticLoggerBinder for further details.
Feb 24, 2025 4:50:31 PM org.openqa.selenium.devtools.CdpVersionFinder findNearestMatch
WARNING: Unable to find an exact match for CDP version 133, returning the closest version; found: 132; Please update to a Selenium version that supports CDP version 133
]]></system-err>
  </testcase>
  <testcase name="runScenario[&quot;Successfully updating personal information&quot;, &quot;Update Resume and Update Profile on Nokri Portal&quot;](2)" classname="runners.Testng" time="14.195">
    <system-out><![CDATA[
@tag @Profile
Scenario: Successfully updating personal information     &amp#27;[90m# Features/Update_Test_case.feature:15&amp#27;[0m
  &amp#27;[32mGiven &amp#27;[0m&amp#27;[32mthe user is logged into the Nokri portal&amp#27;[0m         &amp#27;[90m# stepDefinitions.AutoUpdate.the_user_is_logged_into_the_nokri_portal()&amp#27;[0m
  &amp#27;[32mAnd &amp#27;[0m&amp#27;[32mthe user is on the My Profile page&amp#27;[0m                 &amp#27;[90m# stepDefinitions.AutoUpdate.the_user_is_on_the_my_profile_page()&amp#27;[0m
  &amp#27;[32mWhen &amp#27;[0m&amp#27;[32mthe user is on the Edit Profile page&amp#27;[0m              &amp#27;[90m# stepDefinitions.AutoUpdate.the_user_is_on_the_edit_profile_page()&amp#27;[0m
  &amp#27;[32mAnd &amp#27;[0m&amp#27;[32mclicks on the Save button&amp#27;[0m                          &amp#27;[90m# stepDefinitions.AutoUpdate.clicks_on_the_save_button()&amp#27;[0m
Profile updated successfully!
  &amp#27;[32mThen &amp#27;[0m&amp#27;[32mthe system should successfully update the profile&amp#27;[0m &amp#27;[90m# stepDefinitions.AutoUpdate.the_system_should_successfully_update_the_profile()&amp#27;[0m
]]></system-out>
    <system-err><![CDATA[Feb 24, 2025 4:50:39 PM org.openqa.selenium.devtools.CdpVersionFinder findNearestMatch
WARNING: Unable to find an exact match for CDP version 133, returning the closest version; found: 132; Please update to a Selenium version that supports CDP version 133
]]></system-err>
  </testcase>
</testsuite>